<?xml version="1.0" encoding="UTF-8"?>
<testng-results skipped="0" failed="0" total="1" passed="1">
  <reporter-output>
    <line>
      <![CDATA[]]>
    </line>
    <line>
      <![CDATA[>>>>> Executing GoogleTest <<<<<]]>
    </line>
    <line>
      <![CDATA[]]>
    </line>
    <line>
      <![CDATA[Running test in Chrome]]>
    </line>
    <line>
      <![CDATA[Opened http://google.com]]>
    </line>
    <line>
      <![CDATA[Element is present in the page.]]>
    </line>
    <line>
      <![CDATA[The text Cheese is present in the web element.]]>
    </line>
    <line>
      <![CDATA[]]>
    </line>
    <line>
      <![CDATA[>>>>> Terminating GoogleTest <<<<<]]>
    </line>
    <line>
      <![CDATA[]]>
    </line>
    <line>
      <![CDATA[Closing Test Data Provider...]]>
    </line>
    <line>
      <![CDATA[Closing Driver...]]>
    </line>
  </reporter-output>
  <suite name="Sample Test" duration-ms="48619" started-at="2017-04-06T09:18:59Z" finished-at="2017-04-06T09:19:48Z">
    <groups>
    </groups>
    <test name="Sample Google Test" duration-ms="48619" started-at="2017-04-06T09:18:59Z" finished-at="2017-04-06T09:19:48Z">
      <class name="acn.test.GoogleTest">
        <test-method status="PASS" signature="testCase_1_Chrome()[pri:0, instance:acn.test.GoogleTest@6108b2d7]" name="testCase_1_Chrome" duration-ms="46252" started-at="2017-04-06T17:18:59Z" finished-at="2017-04-06T17:19:46Z">
          <reporter-output>
            <line>
              <![CDATA[]]>
            </line>
            <line>
              <![CDATA[>>>>> Executing GoogleTest <<<<<]]>
            </line>
            <line>
              <![CDATA[]]>
            </line>
            <line>
              <![CDATA[Running test in Chrome]]>
            </line>
            <line>
              <![CDATA[Opened http://google.com]]>
            </line>
            <line>
              <![CDATA[Element is present in the page.]]>
            </line>
            <line>
              <![CDATA[The text Cheese is present in the web element.]]>
            </line>
          </reporter-output>
        </test-method> <!-- testCase_1_Chrome -->
        <test-method status="PASS" signature="endTest()[pri:0, instance:acn.test.GoogleTest@6108b2d7]" name="endTest" is-config="true" duration-ms="2341" started-at="2017-04-06T17:19:46Z" finished-at="2017-04-06T17:19:48Z">
          <reporter-output>
            <line>
              <![CDATA[]]>
            </line>
            <line>
              <![CDATA[>>>>> Terminating GoogleTest <<<<<]]>
            </line>
            <line>
              <![CDATA[]]>
            </line>
            <line>
              <![CDATA[Closing Test Data Provider...]]>
            </line>
            <line>
              <![CDATA[Closing Driver...]]>
            </line>
          </reporter-output>
        </test-method> <!-- endTest -->
      </class> <!-- acn.test.GoogleTest -->
    </test> <!-- Sample Google Test -->
  </suite> <!-- Sample Test -->
</testng-results>
