<?xml version="1.0" encoding="UTF-8"?>
<testng-results skipped="0" failed="0" ignored="0" total="1" passed="1">
  <reporter-output>
    <line>
      <![CDATA[]]>
    </line>
    <line>
      <![CDATA[>>>>> Executing GoogleTest <<<<<]]>
    </line>
    <line>
      <![CDATA[]]>
    </line>
    <line>
      <![CDATA[Running test in Chrome]]>
    </line>
    <line>
      <![CDATA[Opened http://google.com]]>
    </line>
    <line>
      <![CDATA[Element is present in the page.]]>
    </line>
    <line>
      <![CDATA[The text Cheese is present in the web element.]]>
    </line>
    <line>
      <![CDATA[]]>
    </line>
    <line>
      <![CDATA[>>>>> Terminating GoogleTest <<<<<]]>
    </line>
    <line>
      <![CDATA[]]>
    </line>
    <line>
      <![CDATA[Closing Test Data Provider...]]>
    </line>
    <line>
      <![CDATA[Closing Driver...]]>
    </line>
  </reporter-output>
  <suite name="Default suite" duration-ms="43853" started-at="2017-04-06T06:27:24Z" finished-at="2017-04-06T06:28:08Z">
    <groups>
    </groups>
    <test name="Default test" duration-ms="43853" started-at="2017-04-06T06:27:24Z" finished-at="2017-04-06T06:28:08Z">
      <class name="acn.test.GoogleTest">
        <test-method status="PASS" signature="testCase_1_Chrome()[pri:0, instance:acn.test.GoogleTest@5700d6b1]" name="testCase_1_Chrome" duration-ms="41683" started-at="2017-04-06T14:27:24Z" finished-at="2017-04-06T14:28:06Z">
          <reporter-output>
            <line>
              <![CDATA[]]>
            </line>
            <line>
              <![CDATA[>>>>> Executing GoogleTest <<<<<]]>
            </line>
            <line>
              <![CDATA[]]>
            </line>
            <line>
              <![CDATA[Running test in Chrome]]>
            </line>
            <line>
              <![CDATA[Opened http://google.com]]>
            </line>
            <line>
              <![CDATA[Element is present in the page.]]>
            </line>
            <line>
              <![CDATA[The text Cheese is present in the web element.]]>
            </line>
          </reporter-output>
        </test-method> <!-- testCase_1_Chrome -->
        <test-method status="PASS" signature="endTest()[pri:0, instance:acn.test.GoogleTest@5700d6b1]" name="endTest" is-config="true" duration-ms="2132" started-at="2017-04-06T14:28:06Z" finished-at="2017-04-06T14:28:08Z">
          <reporter-output>
            <line>
              <![CDATA[]]>
            </line>
            <line>
              <![CDATA[>>>>> Terminating GoogleTest <<<<<]]>
            </line>
            <line>
              <![CDATA[]]>
            </line>
            <line>
              <![CDATA[Closing Test Data Provider...]]>
            </line>
            <line>
              <![CDATA[Closing Driver...]]>
            </line>
          </reporter-output>
        </test-method> <!-- endTest -->
      </class> <!-- acn.test.GoogleTest -->
    </test> <!-- Default test -->
  </suite> <!-- Default suite -->
</testng-results>
